<?xml version="1.0" encoding="UTF-8"?>
<testsuite name="SumarNumerosTest" tests="1" skipped="0" failures="0" errors="0" timestamp="2018-12-11T15:11:25" hostname="ALEXANDER-GOMEZ" time="0.002">
  <properties/>
  <testcase name="testSuma" classname="SumarNumerosTest" time="0.002"/>
  <system-out><![CDATA[]]></system-out>
  <system-err><![CDATA[]]></system-err>
</testsuite>
